\BOOKMARK [0][-]{chapter.1}{Contextual Background}{}% 1
\BOOKMARK [1][-]{section.1.1}{Topic Background}{chapter.1}% 2
\BOOKMARK [1][-]{section.1.2}{Production of Computer Graphics}{chapter.1}% 3
\BOOKMARK [1][-]{section.1.3}{Related Research of Machine Learning in Creative Fields}{chapter.1}% 4
\BOOKMARK [1][-]{section.1.4}{Motivation and Significance}{chapter.1}% 5
\BOOKMARK [1][-]{section.1.5}{Challenges}{chapter.1}% 6
\BOOKMARK [1][-]{section.1.6}{Central Objectives}{chapter.1}% 7
\BOOKMARK [0][-]{chapter.2}{Technical Background}{}% 8
\BOOKMARK [1][-]{section.2.1}{Principal Component Analysis}{chapter.2}% 9
\BOOKMARK [1][-]{section.2.2}{Probabilistic Principal Component Analysis}{chapter.2}% 10
\BOOKMARK [1][-]{section.2.3}{Gaussian Process Latent Variable Model}{chapter.2}% 11
\BOOKMARK [1][-]{section.2.4}{Bayesian Gaussian Process Latent Variable Model}{chapter.2}% 12
\BOOKMARK [1][-]{section.2.5}{Kernel Methods}{chapter.2}% 13
\BOOKMARK [1][-]{section.2.6}{Formal Definition of 3D Polygon Mesh Representation}{chapter.2}% 14
\BOOKMARK [1][-]{section.2.7}{Graph Theory}{chapter.2}% 15
\BOOKMARK [0][-]{chapter.3}{Project Execution}{}% 16
\BOOKMARK [1][-]{section.3.1}{Example}{chapter.3}% 17
\BOOKMARK [1][-]{section.3.2}{Project Management}{chapter.3}% 18
\BOOKMARK [1][-]{section.3.3}{Training Data Set}{chapter.3}% 19
\BOOKMARK [1][-]{section.3.4}{Generative Model of Hair}{chapter.3}% 20
\BOOKMARK [1][-]{section.3.5}{Approximating Input Training Data to Generative Model}{chapter.3}% 21
\BOOKMARK [1][-]{section.3.6}{Learning a Manifold with Bayesian GP-LVM}{chapter.3}% 22
\BOOKMARK [1][-]{section.3.7}{Generation of Output}{chapter.3}% 23
\BOOKMARK [1][-]{section.3.8}{Reparation}{chapter.3}% 24
\BOOKMARK [0][-]{chapter.4}{Critical Evaluation}{}% 25
\BOOKMARK [1][-]{section.4.1}{Functional Testing}{chapter.4}% 26
\BOOKMARK [1][-]{section.4.2}{Behavioural Testing}{chapter.4}% 27
\BOOKMARK [1][-]{section.4.3}{Evaluation}{chapter.4}% 28
\BOOKMARK [1][-]{section.4.4}{Applications}{chapter.4}% 29
\BOOKMARK [0][-]{chapter.5}{Conclusion}{}% 30
\BOOKMARK [1][-]{section.5.1}{Summary}{chapter.5}% 31
\BOOKMARK [1][-]{section.5.2}{Project Status}{chapter.5}% 32
\BOOKMARK [1][-]{section.5.3}{Future Work}{chapter.5}% 33
\BOOKMARK [0][-]{appendix.A}{An Example Appendix}{}% 34
