This is pdfTeX, Version 3.14159265-2.6-1.40.17 (MiKTeX 2.9.6210 64-bit) (preloaded format=pdflatex 2017.3.12)  8 MAY 2017 21:23
entering extended mode
**./dissertation.tex
(dissertation.tex
LaTeX2e <2017/01/01> patch level 1
Babel <3.9r> and hyphenation patterns for 75 language(s) loaded.
(dissertation.cls
Document Class: dissertation 2012/05/04, Daniel Page <Daniel.Page@bristol.ac.uk
>
(E:\Programs\MikTex\tex\latex\pgf\utilities\pgfkeys.sty
(E:\Programs\MikTex\tex\generic\pgf\utilities\pgfkeys.code.tex
\pgfkeys@pathtoks=\toks14
\pgfkeys@temptoks=\toks15

(E:\Programs\MikTex\tex\generic\pgf\utilities\pgfkeysfiltered.code.tex
\pgfkeys@tmptoks=\toks16
)))
(E:\Programs\MikTex\tex\latex\pgfopts\pgfopts.sty
Package: pgfopts 2014/07/10 v2.1a LaTeX package options with pgfkeys
\pgfopts@list@add@a@toks=\toks17
\pgfopts@list@add@b@toks=\toks18
)
(E:\Programs\MikTex\tex\latex\tools\bm.sty
Package: bm 2017/01/16 v1.2c Bold Symbol Support (DPC/FMi)
\symboldoperators=\mathgroup4
\symboldletters=\mathgroup5
\symboldsymbols=\mathgroup6
LaTeX Font Info:    Redeclaring math alphabet \mathbf on input line 141.
LaTeX Info: Redefining \bm on input line 207.
)
(E:\Programs\MikTex\tex\latex\was\gensymb.sty
Package: gensymb 2003/07/02 v1.0 (WaS)
)
(E:\Programs\MikTex\tex\latex\pgf\frontendlayer\tikz.sty
(E:\Programs\MikTex\tex\latex\pgf\basiclayer\pgf.sty
(E:\Programs\MikTex\tex\latex\pgf\utilities\pgfrcs.sty
(E:\Programs\MikTex\tex\generic\pgf\utilities\pgfutil-common.tex
\pgfutil@everybye=\toks19
\pgfutil@tempdima=\dimen102
\pgfutil@tempdimb=\dimen103

(E:\Programs\MikTex\tex\generic\pgf\utilities\pgfutil-common-lists.tex))
(E:\Programs\MikTex\tex\generic\pgf\utilities\pgfutil-latex.def
\pgfutil@abb=\box26

(E:\Programs\MikTex\tex\latex\ms\everyshi.sty
Package: everyshi 2001/05/15 v3.00 EveryShipout Package (MS)
))
(E:\Programs\MikTex\tex\generic\pgf\utilities\pgfrcs.code.tex
Package: pgfrcs 2015/08/07 v3.0.1a (rcs-revision 1.31)
))
Package: pgf 2015/08/07 v3.0.1a (rcs-revision 1.15)

(E:\Programs\MikTex\tex\latex\pgf\basiclayer\pgfcore.sty
(E:\Programs\MikTex\tex\latex\graphics\graphicx.sty
Package: graphicx 2014/10/28 v1.0g Enhanced LaTeX Graphics (DPC,SPQR)

(E:\Programs\MikTex\tex\latex\graphics\keyval.sty
Package: keyval 2014/10/28 v1.15 key=value parser (DPC)
\KV@toks@=\toks20
)
(E:\Programs\MikTex\tex\latex\graphics\graphics.sty
Package: graphics 2016/10/09 v1.0u Standard LaTeX Graphics (DPC,SPQR)

(E:\Programs\MikTex\tex\latex\graphics\trig.sty
Package: trig 2016/01/03 v1.10 sin cos tan (DPC)
)
(E:\Programs\MikTex\tex\latex\graphics-cfg\graphics.cfg
File: graphics.cfg 2016/06/04 v1.11 sample graphics configuration
)
Package graphics Info: Driver file: pdftex.def on input line 99.

(E:\Programs\MikTex\tex\latex\graphics-def\pdftex.def
File: pdftex.def 2017/01/12 v0.06k Graphics/color for pdfTeX

(E:\Programs\MikTex\tex\generic\oberdiek\infwarerr.sty
Package: infwarerr 2016/05/16 v1.4 Providing info/warning/error messages (HO)
)
(E:\Programs\MikTex\tex\generic\oberdiek\ltxcmds.sty
Package: ltxcmds 2016/05/16 v1.23 LaTeX kernel commands for general use (HO)
)
\Gread@gobject=\count79
))
\Gin@req@height=\dimen104
\Gin@req@width=\dimen105
)
(E:\Programs\MikTex\tex\latex\pgf\systemlayer\pgfsys.sty
(E:\Programs\MikTex\tex\generic\pgf\systemlayer\pgfsys.code.tex
Package: pgfsys 2014/07/09 v3.0.1a (rcs-revision 1.48)

(E:\Programs\MikTex\tex\generic\pgf\utilities\pgfkeys.code.tex)
\pgf@x=\dimen106
\pgf@y=\dimen107
\pgf@xa=\dimen108
\pgf@ya=\dimen109
\pgf@xb=\dimen110
\pgf@yb=\dimen111
\pgf@xc=\dimen112
\pgf@yc=\dimen113
\w@pgf@writea=\write3
\r@pgf@reada=\read1
\c@pgf@counta=\count80
\c@pgf@countb=\count81
\c@pgf@countc=\count82
\c@pgf@countd=\count83
\t@pgf@toka=\toks21
\t@pgf@tokb=\toks22
\t@pgf@tokc=\toks23

(E:\Programs\MikTex\tex\generic\pgf\systemlayer\pgf.cfg
File: pgf.cfg 2008/05/14  (rcs-revision 1.7)
)
Driver file for pgf: pgfsys-pdftex.def

(E:\Programs\MikTex\tex\generic\pgf\systemlayer\pgfsys-pdftex.def
File: pgfsys-pdftex.def 2014/10/11  (rcs-revision 1.35)

(E:\Programs\MikTex\tex\generic\pgf\systemlayer\pgfsys-common-pdf.def
File: pgfsys-common-pdf.def 2013/10/10  (rcs-revision 1.13)
)))
(E:\Programs\MikTex\tex\generic\pgf\systemlayer\pgfsyssoftpath.code.tex
File: pgfsyssoftpath.code.tex 2013/09/09  (rcs-revision 1.9)
\pgfsyssoftpath@smallbuffer@items=\count84
\pgfsyssoftpath@bigbuffer@items=\count85
)
(E:\Programs\MikTex\tex\generic\pgf\systemlayer\pgfsysprotocol.code.tex
File: pgfsysprotocol.code.tex 2006/10/16  (rcs-revision 1.4)
))
(E:\Programs\MikTex\tex\latex\xcolor\xcolor.sty
Package: xcolor 2016/05/11 v2.12 LaTeX color extensions (UK)

(E:\Programs\MikTex\tex\latex\graphics-cfg\color.cfg
File: color.cfg 2016/01/02 v1.6 sample color configuration
)
Package xcolor Info: Driver file: pdftex.def on input line 225.
Package xcolor Info: Model `cmy' substituted by `cmy0' on input line 1348.
Package xcolor Info: Model `hsb' substituted by `rgb' on input line 1352.
Package xcolor Info: Model `RGB' extended on input line 1364.
Package xcolor Info: Model `HTML' substituted by `rgb' on input line 1366.
Package xcolor Info: Model `Hsb' substituted by `hsb' on input line 1367.
Package xcolor Info: Model `tHsb' substituted by `hsb' on input line 1368.
Package xcolor Info: Model `HSB' substituted by `hsb' on input line 1369.
Package xcolor Info: Model `Gray' substituted by `gray' on input line 1370.
Package xcolor Info: Model `wave' substituted by `hsb' on input line 1371.
)
(E:\Programs\MikTex\tex\generic\pgf\basiclayer\pgfcore.code.tex
Package: pgfcore 2010/04/11 v3.0.1a (rcs-revision 1.7)

(E:\Programs\MikTex\tex\generic\pgf\math\pgfmath.code.tex
(E:\Programs\MikTex\tex\generic\pgf\math\pgfmathcalc.code.tex
(E:\Programs\MikTex\tex\generic\pgf\math\pgfmathutil.code.tex)
(E:\Programs\MikTex\tex\generic\pgf\math\pgfmathparser.code.tex
\pgfmath@dimen=\dimen114
\pgfmath@count=\count86
\pgfmath@box=\box27
\pgfmath@toks=\toks24
\pgfmath@stack@operand=\toks25
\pgfmath@stack@operation=\toks26
)
(E:\Programs\MikTex\tex\generic\pgf\math\pgfmathfunctions.code.tex
(E:\Programs\MikTex\tex\generic\pgf\math\pgfmathfunctions.basic.code.tex)
(E:\Programs\MikTex\tex\generic\pgf\math\pgfmathfunctions.trigonometric.code.te
x) (E:\Programs\MikTex\tex\generic\pgf\math\pgfmathfunctions.random.code.tex)
(E:\Programs\MikTex\tex\generic\pgf\math\pgfmathfunctions.comparison.code.tex)
(E:\Programs\MikTex\tex\generic\pgf\math\pgfmathfunctions.base.code.tex)
(E:\Programs\MikTex\tex\generic\pgf\math\pgfmathfunctions.round.code.tex)
(E:\Programs\MikTex\tex\generic\pgf\math\pgfmathfunctions.misc.code.tex)
(E:\Programs\MikTex\tex\generic\pgf\math\pgfmathfunctions.integerarithmetics.co
de.tex))) (E:\Programs\MikTex\tex\generic\pgf\math\pgfmathfloat.code.tex
\c@pgfmathroundto@lastzeros=\count87
))
(E:\Programs\MikTex\tex\generic\pgf\basiclayer\pgfcorepoints.code.tex
File: pgfcorepoints.code.tex 2013/10/07  (rcs-revision 1.27)
\pgf@picminx=\dimen115
\pgf@picmaxx=\dimen116
\pgf@picminy=\dimen117
\pgf@picmaxy=\dimen118
\pgf@pathminx=\dimen119
\pgf@pathmaxx=\dimen120
\pgf@pathminy=\dimen121
\pgf@pathmaxy=\dimen122
\pgf@xx=\dimen123
\pgf@xy=\dimen124
\pgf@yx=\dimen125
\pgf@yy=\dimen126
\pgf@zx=\dimen127
\pgf@zy=\dimen128
)
(E:\Programs\MikTex\tex\generic\pgf\basiclayer\pgfcorepathconstruct.code.tex
File: pgfcorepathconstruct.code.tex 2013/10/07  (rcs-revision 1.29)
\pgf@path@lastx=\dimen129
\pgf@path@lasty=\dimen130
)
(E:\Programs\MikTex\tex\generic\pgf\basiclayer\pgfcorepathusage.code.tex
File: pgfcorepathusage.code.tex 2014/11/02  (rcs-revision 1.24)
\pgf@shorten@end@additional=\dimen131
\pgf@shorten@start@additional=\dimen132
)
(E:\Programs\MikTex\tex\generic\pgf\basiclayer\pgfcorescopes.code.tex
File: pgfcorescopes.code.tex 2015/05/08  (rcs-revision 1.46)
\pgfpic=\box28
\pgf@hbox=\box29
\pgf@layerbox@main=\box30
\pgf@picture@serial@count=\count88
)
(E:\Programs\MikTex\tex\generic\pgf\basiclayer\pgfcoregraphicstate.code.tex
File: pgfcoregraphicstate.code.tex 2014/11/02  (rcs-revision 1.12)
\pgflinewidth=\dimen133
)
(E:\Programs\MikTex\tex\generic\pgf\basiclayer\pgfcoretransformations.code.tex
File: pgfcoretransformations.code.tex 2015/08/07  (rcs-revision 1.20)
\pgf@pt@x=\dimen134
\pgf@pt@y=\dimen135
\pgf@pt@temp=\dimen136
) (E:\Programs\MikTex\tex\generic\pgf\basiclayer\pgfcorequick.code.tex
File: pgfcorequick.code.tex 2008/10/09  (rcs-revision 1.3)
)
(E:\Programs\MikTex\tex\generic\pgf\basiclayer\pgfcoreobjects.code.tex
File: pgfcoreobjects.code.tex 2006/10/11  (rcs-revision 1.2)
)
(E:\Programs\MikTex\tex\generic\pgf\basiclayer\pgfcorepathprocessing.code.tex
File: pgfcorepathprocessing.code.tex 2013/09/09  (rcs-revision 1.9)
)
(E:\Programs\MikTex\tex\generic\pgf\basiclayer\pgfcorearrows.code.tex
File: pgfcorearrows.code.tex 2015/05/14  (rcs-revision 1.43)
\pgfarrowsep=\dimen137
)
(E:\Programs\MikTex\tex\generic\pgf\basiclayer\pgfcoreshade.code.tex
File: pgfcoreshade.code.tex 2013/07/15  (rcs-revision 1.15)
\pgf@max=\dimen138
\pgf@sys@shading@range@num=\count89
)
(E:\Programs\MikTex\tex\generic\pgf\basiclayer\pgfcoreimage.code.tex
File: pgfcoreimage.code.tex 2013/07/15  (rcs-revision 1.18)

(E:\Programs\MikTex\tex\generic\pgf\basiclayer\pgfcoreexternal.code.tex
File: pgfcoreexternal.code.tex 2014/07/09  (rcs-revision 1.21)
\pgfexternal@startupbox=\box31
))
(E:\Programs\MikTex\tex\generic\pgf\basiclayer\pgfcorelayers.code.tex
File: pgfcorelayers.code.tex 2013/07/18  (rcs-revision 1.7)
)
(E:\Programs\MikTex\tex\generic\pgf\basiclayer\pgfcoretransparency.code.tex
File: pgfcoretransparency.code.tex 2013/09/30  (rcs-revision 1.5)
)
(E:\Programs\MikTex\tex\generic\pgf\basiclayer\pgfcorepatterns.code.tex
File: pgfcorepatterns.code.tex 2013/11/07  (rcs-revision 1.5)
)))
(E:\Programs\MikTex\tex\generic\pgf\modules\pgfmoduleshapes.code.tex
File: pgfmoduleshapes.code.tex 2014/03/21  (rcs-revision 1.35)
\pgfnodeparttextbox=\box32
)
(E:\Programs\MikTex\tex\generic\pgf\modules\pgfmoduleplot.code.tex
File: pgfmoduleplot.code.tex 2015/08/03  (rcs-revision 1.13)
)
(E:\Programs\MikTex\tex\latex\pgf\compatibility\pgfcomp-version-0-65.sty
Package: pgfcomp-version-0-65 2007/07/03 v3.0.1a (rcs-revision 1.7)
\pgf@nodesepstart=\dimen139
\pgf@nodesepend=\dimen140
)
(E:\Programs\MikTex\tex\latex\pgf\compatibility\pgfcomp-version-1-18.sty
Package: pgfcomp-version-1-18 2007/07/23 v3.0.1a (rcs-revision 1.1)
))
(E:\Programs\MikTex\tex\latex\pgf\utilities\pgffor.sty
(E:\Programs\MikTex\tex\latex\pgf\math\pgfmath.sty
(E:\Programs\MikTex\tex\generic\pgf\math\pgfmath.code.tex))
(E:\Programs\MikTex\tex\generic\pgf\utilities\pgffor.code.tex
Package: pgffor 2013/12/13 v3.0.1a (rcs-revision 1.25)

(E:\Programs\MikTex\tex\generic\pgf\math\pgfmath.code.tex)
\pgffor@iter=\dimen141
\pgffor@skip=\dimen142
\pgffor@stack=\toks27
\pgffor@toks=\toks28
))
(E:\Programs\MikTex\tex\generic\pgf\frontendlayer\tikz\tikz.code.tex
Package: tikz 2015/08/07 v3.0.1a (rcs-revision 1.151)

(E:\Programs\MikTex\tex\generic\pgf\libraries\pgflibraryplothandlers.code.tex
File: pgflibraryplothandlers.code.tex 2013/08/31 v3.0.1a (rcs-revision 1.20)
\pgf@plot@mark@count=\count90
\pgfplotmarksize=\dimen143
)
\tikz@lastx=\dimen144
\tikz@lasty=\dimen145
\tikz@lastxsaved=\dimen146
\tikz@lastysaved=\dimen147
\tikzleveldistance=\dimen148
\tikzsiblingdistance=\dimen149
\tikz@figbox=\box33
\tikz@figbox@bg=\box34
\tikz@tempbox=\box35
\tikz@tempbox@bg=\box36
\tikztreelevel=\count91
\tikznumberofchildren=\count92
\tikznumberofcurrentchild=\count93
\tikz@fig@count=\count94

(E:\Programs\MikTex\tex\generic\pgf\modules\pgfmodulematrix.code.tex
File: pgfmodulematrix.code.tex 2013/09/17  (rcs-revision 1.8)
\pgfmatrixcurrentrow=\count95
\pgfmatrixcurrentcolumn=\count96
\pgf@matrix@numberofcolumns=\count97
)
\tikz@expandcount=\count98

(E:\Programs\MikTex\tex\generic\pgf\frontendlayer\tikz\libraries\tikzlibrarytop
aths.code.tex
File: tikzlibrarytopaths.code.tex 2008/06/17 v3.0.1a (rcs-revision 1.2)
))) (E:\Programs\MikTex\tex\latex\multirow\multirow.sty
Package: multirow 2016/11/25 v2.2 Span multiple rows of a table
\multirow@colwidth=\skip41
\multirow@cntb=\count99
\multirow@dima=\skip42
\bigstrutjot=\dimen150
)
(E:\Programs\MikTex\tex\latex\tools\multicol.sty
Package: multicol 2016/04/07 v1.8p multicolumn formatting (FMi)
\c@tracingmulticols=\count100
\mult@box=\box37
\multicol@leftmargin=\dimen151
\c@unbalance=\count101
\c@collectmore=\count102
\doublecol@number=\count103
\multicoltolerance=\count104
\multicolpretolerance=\count105
\full@width=\dimen152
\page@free=\dimen153
\premulticols=\dimen154
\postmulticols=\dimen155
\multicolsep=\skip43
\multicolbaselineskip=\skip44
\partial@page=\box38
\last@line=\box39
\maxbalancingoverflow=\dimen156
\mult@rightbox=\box40
\mult@grightbox=\box41
\mult@gfirstbox=\box42
\mult@firstbox=\box43
\@tempa=\box44
\@tempa=\box45
\@tempa=\box46
\@tempa=\box47
\@tempa=\box48
\@tempa=\box49
\@tempa=\box50
\@tempa=\box51
\@tempa=\box52
\@tempa=\box53
\@tempa=\box54
\@tempa=\box55
\@tempa=\box56
\@tempa=\box57
\@tempa=\box58
\@tempa=\box59
\@tempa=\box60
\c@columnbadness=\count106
\c@finalcolumnbadness=\count107
\last@try=\dimen157
\multicolovershoot=\dimen158
\multicolundershoot=\dimen159
\mult@nat@firstbox=\box61
\colbreak@box=\box62
\mc@col@check@num=\count108
)
(E:\Programs\MikTex\tex\latex\base\book.cls
Document Class: book 2014/09/29 v1.4h Standard LaTeX document class
(E:\Programs\MikTex\tex\latex\base\bk10.clo
File: bk10.clo 2014/09/29 v1.4h Standard LaTeX file (size option)
)
\c@part=\count109
\c@chapter=\count110
\c@section=\count111
\c@subsection=\count112
\c@subsubsection=\count113
\c@paragraph=\count114
\c@subparagraph=\count115
\c@figure=\count116
\c@table=\count117
\abovecaptionskip=\skip45
\belowcaptionskip=\skip46
\bibindent=\dimen160
)
(E:\Programs\MikTex\tex\latex\amsmath\amsmath.sty
Package: amsmath 2016/11/05 v2.16a AMS math features
\@mathmargin=\skip47

For additional information on amsmath, use the `?' option.
(E:\Programs\MikTex\tex\latex\amsmath\amstext.sty
Package: amstext 2000/06/29 v2.01 AMS text

(E:\Programs\MikTex\tex\latex\amsmath\amsgen.sty
File: amsgen.sty 1999/11/30 v2.0 generic functions
\@emptytoks=\toks29
\ex@=\dimen161
))
(E:\Programs\MikTex\tex\latex\amsmath\amsbsy.sty
Package: amsbsy 1999/11/29 v1.2d Bold Symbols
LaTeX Info: Redefining \boldsymbol on input line 28.
\pmbraise@=\dimen162
)
(E:\Programs\MikTex\tex\latex\amsmath\amsopn.sty
Package: amsopn 2016/03/08 v2.02 operator names
)
\inf@bad=\count118
LaTeX Info: Redefining \frac on input line 213.
\uproot@=\count119
\leftroot@=\count120
LaTeX Info: Redefining \overline on input line 375.
\classnum@=\count121
\DOTSCASE@=\count122
LaTeX Info: Redefining \ldots on input line 472.
LaTeX Info: Redefining \dots on input line 475.
LaTeX Info: Redefining \cdots on input line 596.
\Mathstrutbox@=\box63
\strutbox@=\box64
\big@size=\dimen163
LaTeX Font Info:    Redeclaring font encoding OML on input line 712.
LaTeX Font Info:    Redeclaring font encoding OMS on input line 713.
\macc@depth=\count123
\c@MaxMatrixCols=\count124
\dotsspace@=\muskip10
\c@parentequation=\count125
\dspbrk@lvl=\count126
\tag@help=\toks30
\row@=\count127
\column@=\count128
\maxfields@=\count129
\andhelp@=\toks31
\eqnshift@=\dimen164
\alignsep@=\dimen165
\tagshift@=\dimen166
\tagwidth@=\dimen167
\totwidth@=\dimen168
\lineht@=\dimen169
\@envbody=\toks32
\multlinegap=\skip48
\multlinetaggap=\skip49
\mathdisplay@stack=\toks33
LaTeX Info: Redefining \[ on input line 2817.
LaTeX Info: Redefining \] on input line 2818.
)
(E:\Programs\MikTex\tex\latex\amsfonts\amssymb.sty
Package: amssymb 2013/01/14 v3.01 AMS font symbols

(E:\Programs\MikTex\tex\latex\amsfonts\amsfonts.sty
Package: amsfonts 2013/01/14 v3.01 Basic AMSFonts support
\symAMSa=\mathgroup7
\symAMSb=\mathgroup8
LaTeX Font Info:    Overwriting math alphabet `\mathfrak' in version `bold'
(Font)                  U/euf/m/n --> U/euf/b/n on input line 106.
))
(E:\Programs\MikTex\tex\latex\adjustbox\adjustbox.sty
Package: adjustbox 2012/05/21 v1.0 Adjusting TeX boxes (trim, clip, ...)

(E:\Programs\MikTex\tex\latex\xkeyval\xkeyval.sty
Package: xkeyval 2014/12/03 v2.7a package option processing (HA)

(E:\Programs\MikTex\tex\generic\xkeyval\xkeyval.tex
(E:\Programs\MikTex\tex\generic\xkeyval\xkvutils.tex
\XKV@toks=\toks34
\XKV@tempa@toks=\toks35
)
\XKV@depth=\count130
File: xkeyval.tex 2014/12/03 v2.7a key=value parser (HA)
))
(E:\Programs\MikTex\tex\latex\adjustbox\adjcalc.sty
Package: adjcalc 2012/05/16 v1.1 Provides advanced setlength with multiple back
-ends (calc, etex, pgfmath)
)
(E:\Programs\MikTex\tex\latex\adjustbox\trimclip.sty
Package: trimclip 2012/05/16 v1.0 Trim and clip general TeX material

(E:\Programs\MikTex\tex\latex\collectbox\collectbox.sty
Package: collectbox 2012/05/17 v0.4b Collect macro arguments as boxes
\collectedbox=\box65
)
\tc@llx=\dimen170
\tc@lly=\dimen171
\tc@urx=\dimen172
\tc@ury=\dimen173
Package trimclip Info: Using driver 'tc-pdftex.def'.

(E:\Programs\MikTex\tex\latex\adjustbox\tc-pdftex.def
File: tc-pdftex.def 2012/05/13 v1.0 Clipping driver for pdftex
))
\adjbox@Width=\dimen174
\adjbox@Height=\dimen175
\adjbox@Depth=\dimen176
\adjbox@Totalheight=\dimen177

(E:\Programs\MikTex\tex\latex\ifoddpage\ifoddpage.sty
Package: ifoddpage 2016/04/23 v1.1 Conditionals for odd/even page detection
\c@checkoddpage=\count131
)
(E:\Programs\MikTex\tex\latex\ltxmisc\varwidth.sty
Package: varwidth 2009/03/30 ver 0.92;  Variable-width minipages
\@vwid@box=\box66
\sift@deathcycles=\count132
\@vwid@loff=\dimen178
\@vwid@roff=\dimen179
))
(E:\Programs\MikTex\tex\latex\etoolbox\etoolbox.sty
Package: etoolbox 2017/01/02 v2.4 e-TeX tools for LaTeX (JAW)
\etb@tempcnta=\count133
)
(E:\Programs\MikTex\tex\latex\fancyhdr\fancyhdr.sty
Package: fancyhdr 2016/09/06 3.8 Extensive control of page headers and footers
\fancy@headwidth=\skip50
\f@ncyO@elh=\skip51
\f@ncyO@erh=\skip52
\f@ncyO@olh=\skip53
\f@ncyO@orh=\skip54
\f@ncyO@elf=\skip55
\f@ncyO@erf=\skip56
\f@ncyO@olf=\skip57
\f@ncyO@orf=\skip58
)
(E:\Programs\MikTex\tex\latex\geometry\geometry.sty
Package: geometry 2010/09/12 v5.6 Page Geometry

(E:\Programs\MikTex\tex\generic\oberdiek\ifpdf.sty
Package: ifpdf 2016/05/14 v3.1 Provides the ifpdf switch
)
(E:\Programs\MikTex\tex\generic\oberdiek\ifvtex.sty
Package: ifvtex 2016/05/16 v1.6 Detect VTeX and its facilities (HO)
Package ifvtex Info: VTeX not detected.
)
(E:\Programs\MikTex\tex\generic\ifxetex\ifxetex.sty
Package: ifxetex 2010/09/12 v0.6 Provides ifxetex conditional
)
\Gm@cnth=\count134
\Gm@cntv=\count135
\c@Gm@tempcnt=\count136
\Gm@bindingoffset=\dimen180
\Gm@wd@mp=\dimen181
\Gm@odd@mp=\dimen182
\Gm@even@mp=\dimen183
\Gm@layoutwidth=\dimen184
\Gm@layoutheight=\dimen185
\Gm@layouthoffset=\dimen186
\Gm@layoutvoffset=\dimen187
\Gm@dimlist=\toks36

(E:\Programs\MikTex\tex\latex\geometry\geometry.cfg))
(E:\Programs\MikTex\tex\latex\datetime\datetime.sty
Package: datetime 2015/03/20 v2.60 Date Time Package

(E:\Programs\MikTex\tex\latex\fmtcount\fmtcount.sty
Package: fmtcount 2015/05/05 v3.01

(E:\Programs\MikTex\tex\latex\base\ifthen.sty
Package: ifthen 2014/09/29 v1.1c Standard LaTeX ifthen package (DPC)
)
(E:\Programs\MikTex\tex\latex\fmtcount\fcprefix.sty
Package: fcprefix 2012/09/28

(E:\Programs\MikTex\tex\latex\fmtcount\fcnumparser.sty
Package: fcnumparser 2012/09/28
\fc@digit@counter=\count137
))
\c@padzeroesN=\count138
\fc@tmpcatcode=\count139
\@DT@modctr=\count140
\@ordinalctr=\count141
\@orgargctr=\count142
\@strctr=\count143
\@tmpstrctr=\count144
\@DT@loopN=\count145
\@DT@X=\count146

(E:\Programs\MikTex\tex\latex\fmtcount\fc-english.def
File: fc-english.def 2013/08/17
))
(E:\Programs\MikTex\tex\latex\datetime\datetime-defaults.sty
Package: datetime-defaults 2013/09/10
)
\@day=\count147
\@month=\count148
\@year=\count149
\c@HOUR=\count150
\c@HOURXII=\count151
\c@MINUTE=\count152
\c@TOHOUR=\count153
\c@TOMINUTE=\count154
\c@SECOND=\count155
\currenthour=\count156
\currentminute=\count157
\currentsecond=\count158
Package datetime Info: No datetime.cfg file found, using default settings on in
put line 308.
\@dtctr=\count159
\dayofyear=\count160
\dayofweek=\count161
LaTeX Info: Redefining \today on input line 736.
\dt@a=\toks37
\dt@b=\toks38
)
(E:\Programs\MikTex\tex\latex\algorithm2e\algorithm2e.sty
Package: algorithm2e 2013/01/06 v5.00 algorithms environments
\c@AlgoLine=\count162
\algocf@hangindent=\skip59

(E:\Programs\MikTex\tex\latex\tools\xspace.sty
Package: xspace 2014/10/28 v1.13 Space after command names (DPC,MH)
)
(E:\Programs\MikTex\tex\latex\ltxmisc\relsize.sty
Package: relsize 2003/07/04 ver 3.1
)
********************************************************
Package `algorithm2e' Release 5.1 -- october 19 2015 --
- algorithm2e-announce@lirmm.fr mailing list for announcement about releases
- algorithm2e-discussion@lirmm.fr mailing list for discussion about package
subscribe by emailing sympa@lirmm.fr with 'subscribe <list> <firstname name>'
- Author: Christophe Fiorio (christophe.fiorio@umontpellier.fr)
********************************************************
\skiptotal=\skip60
\skiplinenumber=\skip61
\skiprule=\skip62
\skiphlne=\skip63
\skiptext=\skip64
\skiplength=\skip65
\algomargin=\skip66
\skipalgocfslide=\skip67
\algowidth=\dimen188
\inoutsize=\dimen189
\inoutindent=\dimen190
\interspacetitleruled=\dimen191
\interspacealgoruled=\dimen192
\interspacetitleboxruled=\dimen193
\algocf@ruledwidth=\skip68
\algocf@inoutbox=\box67
\algocf@inputbox=\box68
\AlCapSkip=\skip69
\AlCapHSkip=\skip70
\algoskipindent=\skip71
\algocf@nlbox=\box69
\algocf@hangingbox=\box70
\algocf@untilbox=\box71
\algocf@skipuntil=\skip72
\algocf@capbox=\box72
\algoheightruledefault=\skip73
\algoheightrule=\skip74
\algotitleheightruledefault=\skip75
\algotitleheightrule=\skip76
\c@algocfline=\count163
\c@algocfproc=\count164
\c@algocf=\count165
\algocf@algoframe=\box73
\algocf@algobox=\box74
) (E:\Programs\MikTex\tex\latex\listings\listings.sty
\lst@mode=\count166
\lst@gtempboxa=\box75
\lst@token=\toks39
\lst@length=\count167
\lst@currlwidth=\dimen194
\lst@column=\count168
\lst@pos=\count169
\lst@lostspace=\dimen195
\lst@width=\dimen196
\lst@newlines=\count170
\lst@lineno=\count171
\lst@maxwidth=\dimen197

(E:\Programs\MikTex\tex\latex\listings\lstmisc.sty
File: lstmisc.sty 2015/06/04 1.6 (Carsten Heinz)
\c@lstnumber=\count172
\lst@skipnumbers=\count173
\lst@framebox=\box76
)
(E:\Programs\MikTex\tex\latex\listings\listings.cfg
File: listings.cfg 2015/06/04 1.6 listings configuration
))
Package: listings 2015/06/04 1.6 (Carsten Heinz)

(E:\Programs\MikTex\tex\latex\xstring\xstring.sty
(E:\Programs\MikTex\tex\generic\xstring\xstring.tex
\@xs@message=\write4
\integerpart=\count174
\decimalpart=\count175
)
Package: xstring 2013/10/13  v1.7c  String manipulations (C Tellechea)
)
(E:\Programs\MikTex\tex\latex\url\url.sty
\Urlmuskip=\muskip11
Package: url 2013/09/16  ver 3.4  Verb mode for urls, etc.
)
(E:\Programs\MikTex\tex\latex\hyperref\hyperref.sty
Package: hyperref 2016/06/24 v6.83q Hypertext links for LaTeX

(E:\Programs\MikTex\tex\generic\oberdiek\hobsub-hyperref.sty
Package: hobsub-hyperref 2016/05/16 v1.14 Bundle oberdiek, subset hyperref (HO)


(E:\Programs\MikTex\tex\generic\oberdiek\hobsub-generic.sty
Package: hobsub-generic 2016/05/16 v1.14 Bundle oberdiek, subset generic (HO)
Package: hobsub 2016/05/16 v1.14 Construct package bundles (HO)
Package hobsub Info: Skipping package `infwarerr' (already loaded).
Package hobsub Info: Skipping package `ltxcmds' (already loaded).
Package: ifluatex 2016/05/16 v1.4 Provides the ifluatex switch (HO)
Package ifluatex Info: LuaTeX not detected.
Package hobsub Info: Skipping package `ifvtex' (already loaded).
Package: intcalc 2016/05/16 v1.2 Expandable calculations with integers (HO)
Package hobsub Info: Skipping package `ifpdf' (already loaded).
Package: etexcmds 2016/05/16 v1.6 Avoid name clashes with e-TeX commands (HO)
Package etexcmds Info: Could not find \expanded.
(etexcmds)             That can mean that you are not using pdfTeX 1.50 or
(etexcmds)             that some package has redefined \expanded.
(etexcmds)             In the latter case, load this package earlier.
Package: kvsetkeys 2016/05/16 v1.17 Key value parser (HO)
Package: kvdefinekeys 2016/05/16 v1.4 Define keys (HO)
Package: pdftexcmds 2016/05/21 v0.22 Utility functions of pdfTeX for LuaTeX (HO
)
Package pdftexcmds Info: LuaTeX not detected.
Package pdftexcmds Info: \pdf@primitive is available.
Package pdftexcmds Info: \pdf@ifprimitive is available.
Package pdftexcmds Info: \pdfdraftmode found.
Package: pdfescape 2016/05/16 v1.14 Implements pdfTeX's escape features (HO)
Package: bigintcalc 2016/05/16 v1.4 Expandable calculations on big integers (HO
)
Package: bitset 2016/05/16 v1.2 Handle bit-vector datatype (HO)
Package: uniquecounter 2016/05/16 v1.3 Provide unlimited unique counter (HO)
)
Package hobsub Info: Skipping package `hobsub' (already loaded).
Package: letltxmacro 2016/05/16 v1.5 Let assignment for LaTeX macros (HO)
Package: hopatch 2016/05/16 v1.3 Wrapper for package hooks (HO)
Package: xcolor-patch 2016/05/16 xcolor patch
Package: atveryend 2016/05/16 v1.9 Hooks at the very end of document (HO)
Package: atbegshi 2016/06/09 v1.18 At begin shipout hook (HO)
Package: refcount 2016/05/16 v3.5 Data extraction from label references (HO)
Package: hycolor 2016/05/16 v1.8 Color options for hyperref/bookmark (HO)
)
(E:\Programs\MikTex\tex\latex\oberdiek\auxhook.sty
Package: auxhook 2016/05/16 v1.4 Hooks for auxiliary files (HO)
)
(E:\Programs\MikTex\tex\latex\oberdiek\kvoptions.sty
Package: kvoptions 2016/05/16 v3.12 Key value format for package options (HO)
)
\@linkdim=\dimen198
\Hy@linkcounter=\count176
\Hy@pagecounter=\count177

(E:\Programs\MikTex\tex\latex\hyperref\pd1enc.def
File: pd1enc.def 2016/06/24 v6.83q Hyperref: PDFDocEncoding definition (HO)
)
\Hy@SavedSpaceFactor=\count178

(E:\Programs\MikTex\tex\latex\00miktex\hyperref.cfg
File: hyperref.cfg 2002/06/06 v1.2 hyperref configuration of TeXLive
)
Package hyperref Info: Hyper figures OFF on input line 4486.
Package hyperref Info: Link nesting OFF on input line 4491.
Package hyperref Info: Hyper index ON on input line 4494.
Package hyperref Info: Plain pages OFF on input line 4501.
Package hyperref Info: Backreferencing OFF on input line 4506.
Package hyperref Info: Implicit mode ON; LaTeX internals redefined.
Package hyperref Info: Bookmarks ON on input line 4735.
\c@Hy@tempcnt=\count179
LaTeX Info: Redefining \url on input line 5088.
\XeTeXLinkMargin=\dimen199
\Fld@menulength=\count180
\Field@Width=\dimen256
\Fld@charsize=\dimen257
Package hyperref Info: Hyper figures OFF on input line 6342.
Package hyperref Info: Link nesting OFF on input line 6347.
Package hyperref Info: Hyper index ON on input line 6350.
Package hyperref Info: backreferencing OFF on input line 6357.
Package hyperref Info: Link coloring OFF on input line 6362.
Package hyperref Info: Link coloring with OCG OFF on input line 6367.
Package hyperref Info: PDF/A mode OFF on input line 6372.
LaTeX Info: Redefining \ref on input line 6412.
LaTeX Info: Redefining \pageref on input line 6416.
\Hy@abspage=\count181
\c@Item=\count182
\c@Hfootnote=\count183
)

Package hyperref Message: Driver (autodetected): hpdftex.

(E:\Programs\MikTex\tex\latex\hyperref\hpdftex.def
File: hpdftex.def 2016/06/24 v6.83q Hyperref driver for pdfTeX
\Fld@listcount=\count184
\c@bookmark@seq@number=\count185

(E:\Programs\MikTex\tex\latex\oberdiek\rerunfilecheck.sty
Package: rerunfilecheck 2016/05/16 v1.8 Rerun checks for auxiliary files (HO)
Package uniquecounter Info: New unique counter `rerunfilecheck' on input line 2
82.
)
\Hy@SectionHShift=\skip77
)
(E:\Programs\MikTex\tex\latex\lipsum\lipsum.sty
Package: lipsum 2014/07/27 v1.3 150 paragraphs of Lorem Ipsum dummy text
\c@lips@count=\count186
)
Package hyperref Info: Option `colorlinks' set `true' on input line 86.


Package hyperref Warning: Option `bookmarks' has already been used,
(hyperref)                setting the option has no effect on input line 86.

) (dissertation.aux)
\openout1 = `dissertation.aux'.

LaTeX Font Info:    Checking defaults for OML/cmm/m/it on input line 36.
LaTeX Font Info:    ... okay on input line 36.
LaTeX Font Info:    Checking defaults for T1/cmr/m/n on input line 36.
LaTeX Font Info:    ... okay on input line 36.
LaTeX Font Info:    Checking defaults for OT1/cmr/m/n on input line 36.
LaTeX Font Info:    ... okay on input line 36.
LaTeX Font Info:    Checking defaults for OMS/cmsy/m/n on input line 36.
LaTeX Font Info:    ... okay on input line 36.
LaTeX Font Info:    Checking defaults for OMX/cmex/m/n on input line 36.
LaTeX Font Info:    ... okay on input line 36.
LaTeX Font Info:    Checking defaults for U/cmr/m/n on input line 36.
LaTeX Font Info:    ... okay on input line 36.
LaTeX Font Info:    Checking defaults for PD1/pdf/m/n on input line 36.
LaTeX Font Info:    ... okay on input line 36.
LaTeX Info: Redefining \celsius on input line 36.
Package gensymb Info: Faking symbols for \degree and \celsius on input line 36.



Package gensymb Warning: Not defining \perthousand.

LaTeX Info: Redefining \ohm on input line 36.
Package gensymb Info: Using \Omega for \ohm on input line 36.

Package gensymb Warning: Not defining \micro.

ABD: EveryShipout initializing macros
(E:\Programs\MikTex\tex\context\base\supp-pdf.mkii
[Loading MPS to PDF converter (version 2006.09.02).]
\scratchcounter=\count187
\scratchdimen=\dimen258
\scratchbox=\box77
\nofMPsegments=\count188
\nofMParguments=\count189
\everyMPshowfont=\toks40
\MPscratchCnt=\count190
\MPscratchDim=\dimen259
\MPnumerator=\count191
\makeMPintoPDFobject=\count192
\everyMPtoPDFconversion=\toks41
) (E:\Programs\MikTex\tex\latex\oberdiek\epstopdf-base.sty
Package: epstopdf-base 2016/05/15 v2.6 Base part for package epstopdf

(E:\Programs\MikTex\tex\latex\oberdiek\grfext.sty
Package: grfext 2016/05/16 v1.2 Manage graphics extensions (HO)
)
Package epstopdf-base Info: Redefining graphics rule for `.eps' on input line 4
38.
Package grfext Info: Graphics extension search list:
(grfext)             [.png,.pdf,.jpg,.mps,.jpeg,.jbig2,.jb2,.PNG,.PDF,.JPG,.JPE
G,.JBIG2,.JB2,.eps]
(grfext)             \AppendGraphicsExtensions on input line 456.
)
*geometry* driver: auto-detecting
*geometry* detected driver: pdftex
*geometry* verbose mode - [ preamble ] result:
* driver: pdftex
* paper: a4paper
* layout: <same size as paper>
* layoutoffset:(h,v)=(0.0pt,0.0pt)
* modes: twoside 
* h-part:(L,W,R)=(71.13188pt, 455.24411pt, 71.13188pt)
* v-part:(T,H,B)=(71.13188pt, 702.78308pt, 71.13188pt)
* \paperwidth=597.50787pt
* \paperheight=845.04684pt
* \textwidth=455.24411pt
* \textheight=702.78308pt
* \oddsidemargin=-1.1381pt
* \evensidemargin=-1.1381pt
* \topmargin=-31.2056pt
* \headheight=12.0pt
* \headsep=18.06749pt
* \topskip=10.0pt
* \footskip=25.29494pt
* \marginparwidth=115.0pt
* \marginparsep=7.0pt
* \columnsep=10.0pt
* \skip\footins=9.0pt plus 4.0pt minus 2.0pt
* \hoffset=0.0pt
* \voffset=0.0pt
* \mag=1000
* \@twocolumnfalse
* \@twosidetrue
* \@mparswitchtrue
* \@reversemarginfalse
* (1in=72.27pt=25.4mm, 1cm=28.453pt)

\c@lstlisting=\count193
\AtBeginShipoutBox=\box78
Package hyperref Info: Link coloring ON on input line 36.
(E:\Programs\MikTex\tex\latex\hyperref\nameref.sty
Package: nameref 2016/05/21 v2.44 Cross-referencing by name of section

(E:\Programs\MikTex\tex\generic\oberdiek\gettitlestring.sty
Package: gettitlestring 2016/05/16 v1.5 Cleanup title references (HO)
)
\c@section@level=\count194
)
LaTeX Info: Redefining \ref on input line 36.
LaTeX Info: Redefining \pageref on input line 36.
LaTeX Info: Redefining \nameref on input line 36.
 (dissertation.out) (dissertation.out)
\@outlinefile=\write5
\openout5 = `dissertation.out'.


Overfull \hbox (15.0pt too wide) in paragraph at lines 50--50
[][]
 []


Underfull \hbox (badness 10000) in paragraph at lines 50--50

 []

<logo/logo_uob_color.pdf, id=126, 546.04pt x 158.5925pt>
File: logo/logo_uob_color.pdf Graphic file (type pdf)

<use logo/logo_uob_color.pdf>
Package pdftex.def Info: logo/logo_uob_color.pdf used on input line 50.
(pdftex.def)             Requested size: 163.81326pt x 47.57811pt.
LaTeX Font Info:    Try loading font information for U+msa on input line 50.
 (E:\Programs\MikTex\tex\latex\amsfonts\umsa.fd
File: umsa.fd 2013/01/14 v3.01 AMS symbols A
)
LaTeX Font Info:    Try loading font information for U+msb on input line 50.

(E:\Programs\MikTex\tex\latex\amsfonts\umsb.fd
File: umsb.fd 2013/01/14 v3.01 AMS symbols B
) [1

{C:/ProgramData/MiKTeX/2.9/pdftex/config/pdftex.map} <./logo/logo_uob_color.pdf
>] [2

] [1

] [2

]
(dissertation.toc [3])
\tf@toc=\write6
\openout6 = `dissertation.toc'.

 [4] (dissertation.lof
Overfull \hbox (66.54108pt too wide) in paragraph at lines 11--11
 [][] [][][]\OT1/cmr/m/n/10 The 3D spher-i-cal co-or-di-nate sys-tem. Source: [
][]https://commons.wikimedia.org/wiki/File:3D[]Spherical.svg[][], 
 []


Underfull \vbox (badness 10000) has occurred while \output is active []

 [5

])
\tf@lof=\write7
\openout7 = `dissertation.lof'.


[6] (dissertation.lot)
\tf@lot=\write8
\openout8 = `dissertation.lot'.

 [7

] [8

] (dissertation.loa)
\tf@loa=\write9
\openout9 = `dissertation.loa'.

 [9] [10

] (dissertation.lol)
\tf@lol=\write10
\openout10 = `dissertation.lol'.


[11] [12

]
LaTeX Font Info:    Try loading font information for OMS+cmr on input line 89.
 (E:\Programs\MikTex\tex\latex\base\omscmr.fd
File: omscmr.fd 2014/09/29 v2.5h Standard LaTeX font definitions
)
LaTeX Font Info:    Font shape `OMS/cmr/m/n' in size <10> not available
(Font)              Font shape `OMS/cmsy/m/n' tried instead on input line 89.
 [13] [14

] [15] [16

]
[17] [18

] [19] [20

]
Chapter 1.
<images/pointCloud.jpg, id=384, 674.52pt x 342.27875pt>
File: images/pointCloud.jpg Graphic file (type jpg)

<use images/pointCloud.jpg>
Package pdftex.def Info: images/pointCloud.jpg used on input line 183.
(pdftex.def)             Requested size: 101.17363pt x 51.33958pt.

<images/rangeImage.jpg, id=385, 726.715pt x 260.975pt>
File: images/rangeImage.jpg Graphic file (type jpg)

<use images/rangeImage.jpg>
Package pdftex.def Info: images/rangeImage.jpg used on input line 184.
(pdftex.def)             Requested size: 145.34042pt x 52.19408pt.

<images/octreeVoxel.png, id=386, 451.6875pt x 442.65375pt>
File: images/octreeVoxel.png Graphic file (type png)

<use images/octreeVoxel.png>
Package pdftex.def Info: images/octreeVoxel.png used on input line 185.
(pdftex.def)             Requested size: 56.46078pt x 55.33157pt.
pdfTeX warning (ext4): destination with the same identifier (name{page.1}) has 
been already used, duplicate ignored
<to be read again> 
                   \relax 
l.192 
       [1

 <./images/pointCloud.jpg> <./images/rangeImage.jpg> <./images/octreeVoxel.png>
] <images/hairExemplar.jpg, id=397, 963.6pt x 788.9475pt>
File: images/hairExemplar.jpg Graphic file (type jpg)

<use images/hairExemplar.jpg>
Package pdftex.def Info: images/hairExemplar.jpg used on input line 208.
(pdftex.def)             Requested size: 289.08223pt x 236.68607pt.
pdfTeX warning (ext4): destination with the same identifier (name{page.2}) has 
been already used, duplicate ignored
<to be read again> 
                   \relax 
l.210 \end{figure}
                   [2] [3 <./images/hairExemplar.jpg>] [4] [5] [6

]
Chapter 2.
[7] [8] [9] [10] <images/gpPrior.png, id=508, 433.62pt x 289.08pt>
File: images/gpPrior.png Graphic file (type png)

<use images/gpPrior.png>
Package pdftex.def Info: images/gpPrior.png used on input line 468.
(pdftex.def)             Requested size: 216.80946pt x 144.53964pt.
 <images/gpPosterior.png, id=509, 433.62pt x 289.08pt>
File: images/gpPosterior.png Graphic file (type png)

<use images/gpPosterior.png>
Package pdftex.def Info: images/gpPosterior.png used on input line 469.
(pdftex.def)             Requested size: 216.80946pt x 144.53964pt.


LaTeX Warning: `!h' float specifier changed to `!ht'.

[11] [12 <./images/gpPrior.png> <./images/gpPosterior.png>] [13] [14] [15]
[16

]
Chapter 3.
<images/latentHairAddon.jpg, id=564, 986.9372pt x 689.57625pt>
File: images/latentHairAddon.jpg Graphic file (type jpg)

<use images/latentHairAddon.jpg>
Package pdftex.def Info: images/latentHairAddon.jpg used on input line 571.
(pdftex.def)             Requested size: 296.08344pt x 206.87447pt.
 [17 <./images/latentHairAddon.jpg>]
<images/inputHair1.png, id=573, 53.60025pt x 49.02315pt>
File: images/inputHair1.png Graphic file (type png)

<use images/inputHair1.png>
Package pdftex.def Info: images/inputHair1.png used on input line 581.
(pdftex.def)             Requested size: 107.2002pt x 98.04602pt.

<images/inputHair2.png, id=574, 53.60025pt x 49.02315pt>
File: images/inputHair2.png Graphic file (type png)

<use images/inputHair2.png>
Package pdftex.def Info: images/inputHair2.png used on input line 582.
(pdftex.def)             Requested size: 107.2002pt x 98.04602pt.

<images/inputHair3.png, id=575, 53.60025pt x 49.02315pt>
File: images/inputHair3.png Graphic file (type png)

<use images/inputHair3.png>
Package pdftex.def Info: images/inputHair3.png used on input line 583.
(pdftex.def)             Requested size: 107.2002pt x 98.04602pt.

<images/inputHair4.png, id=576, 53.60025pt x 49.02315pt>
File: images/inputHair4.png Graphic file (type png)

<use images/inputHair4.png>
Package pdftex.def Info: images/inputHair4.png used on input line 584.
(pdftex.def)             Requested size: 107.2002pt x 98.04602pt.

<images/triToQuad1.png, id=578, 53.60025pt x 49.02315pt>
File: images/triToQuad1.png Graphic file (type png)

<use images/triToQuad1.png>
Package pdftex.def Info: images/triToQuad1.png used on input line 606.
(pdftex.def)             Requested size: 107.2002pt x 98.04602pt.

<images/triToQuad2.png, id=579, 53.60025pt x 49.02315pt>
File: images/triToQuad2.png Graphic file (type png)

<use images/triToQuad2.png>
Package pdftex.def Info: images/triToQuad2.png used on input line 607.
(pdftex.def)             Requested size: 107.2002pt x 98.04602pt.

<images/triToQuad3.png, id=580, 53.60025pt x 49.02315pt>
File: images/triToQuad3.png Graphic file (type png)

<use images/triToQuad3.png>
Package pdftex.def Info: images/triToQuad3.png used on input line 608.
(pdftex.def)             Requested size: 107.2002pt x 98.04602pt.


LaTeX Warning: `!h' float specifier changed to `!ht'.

[18 <./images/inputHair1.png> <./images/inputHair2.png> <./images/inputHair3.pn
g> <./images/inputHair4.png>]
<images/sphereCoords.png, id=603, 560.0925pt x 517.935pt>
File: images/sphereCoords.png Graphic file (type png)

<use images/sphereCoords.png>
Package pdftex.def Info: images/sphereCoords.png used on input line 625.
(pdftex.def)             Requested size: 140.02278pt x 129.48343pt.

Overfull \hbox (52.92993pt too wide) in paragraph at lines 627--627
[]\OT1/cmr/m/n/10 Figure 3.4: []The 3D spher-i-cal co-or-di-nate sys-tem. Sourc
e: [][]https://commons.wikimedia.org/wiki/File:3D[]Spherical.svg[][],
 []

<images/spherePoints.png, id=607, 450.9347pt x 263.48438pt>
File: images/spherePoints.png Graphic file (type png)

<use images/spherePoints.png>
Package pdftex.def Info: images/spherePoints.png used on input line 636.
(pdftex.def)             Requested size: 225.4668pt x 131.74185pt.


LaTeX Warning: `!h' float specifier changed to `!ht'.

<images/generativeModel.png, id=609, 77.8107pt x 71.66776pt>
File: images/generativeModel.png Graphic file (type png)

<use images/generativeModel.png>
Package pdftex.def Info: images/generativeModel.png used on input line 644.
(pdftex.def)             Requested size: 233.4315pt x 215.00272pt.


LaTeX Warning: `!h' float specifier changed to `!ht'.


Underfull \vbox (badness 10000) has occurred while \output is active []

 [19 <./images/triToQuad1.png> <./images/triToQuad2.png> <./images/triToQuad3.p
ng> <./images/sphereCoords.png>]

LaTeX Warning: `!h' float specifier changed to `!ht'.


Underfull \vbox (badness 5970) has occurred while \output is active []

 [20 <./images/spherePoints.png> <./images/generativeModel.png>]
<images/edgeLoopDiagram.png, id=630, 697.10437pt x 347.04657pt>
File: images/edgeLoopDiagram.png Graphic file (type png)

<use images/edgeLoopDiagram.png>
Package pdftex.def Info: images/edgeLoopDiagram.png used on input line 692.
(pdftex.def)             Requested size: 243.99017pt x 121.46811pt.


LaTeX Warning: `!h' float specifier changed to `!ht'.


LaTeX Warning: `!h' float specifier changed to `!ht'.

<images/rootLoop.jpg, id=631, 632.3625pt x 333.49594pt>
File: images/rootLoop.jpg Graphic file (type jpg)

<use images/rootLoop.jpg>
Package pdftex.def Info: images/rootLoop.jpg used on input line 729.
(pdftex.def)             Requested size: 316.18048pt x 166.74756pt.


LaTeX Warning: `!h' float specifier changed to `!ht'.

[21] [22 <./images/edgeLoopDiagram.png>] [23 <./images/rootLoop.jpg>]
<images/gpyKernels.png, id=658, 1164.9924pt x 875.9124pt>
File: images/gpyKernels.png Graphic file (type png)

<use images/gpyKernels.png>
Package pdftex.def Info: images/gpyKernels.png used on input line 798.
(pdftex.def)             Requested size: 465.98871pt x 350.35875pt.

Overfull \hbox (10.7446pt too wide) in paragraph at lines 798--798
 [][] 
 []


LaTeX Warning: `!h' float specifier changed to `!ht'.

[24] <images/latentPlot_t10.png, id=668, 100.375pt x 100.375pt>
File: images/latentPlot_t10.png Graphic file (type png)

<use images/latentPlot_t10.png>
Package pdftex.def Info: images/latentPlot_t10.png used on input line 814.
(pdftex.def)             Requested size: 100.37474pt x 100.37474pt.

<images/latentPlot_exp.png, id=669, 100.375pt x 100.375pt>
File: images/latentPlot_exp.png Graphic file (type png)

<use images/latentPlot_exp.png>
Package pdftex.def Info: images/latentPlot_exp.png used on input line 815.
(pdftex.def)             Requested size: 100.37474pt x 100.37474pt.

<images/latentPlot_linear.png, id=670, 100.375pt x 100.375pt>
File: images/latentPlot_linear.png Graphic file (type png)

<use images/latentPlot_linear.png>
Package pdftex.def Info: images/latentPlot_linear.png used on input line 816.
(pdftex.def)             Requested size: 100.37474pt x 100.37474pt.


LaTeX Warning: `!h' float specifier changed to `!ht'.


Underfull \vbox (badness 10000) has occurred while \output is active []

 [25 <./images/gpyKernels.png>] [26 <./images/latentPlot_t10.png (PNG copy)> <.
/images/latentPlot_exp.png (PNG copy)> <./images/latentPlot_linear.png (PNG cop
y)>]
<images/guidingStrands.jpg, id=684, 700.86844pt x 378.66469pt>
File: images/guidingStrands.jpg Graphic file (type jpg)

<use images/guidingStrands.jpg>
Package pdftex.def Info: images/guidingStrands.jpg used on input line 856.
(pdftex.def)             Requested size: 210.26215pt x 113.60028pt.

<images/guidingExtrusion.jpg, id=685, 700.86844pt x 376.40625pt>
File: images/guidingExtrusion.jpg Graphic file (type jpg)

<use images/guidingExtrusion.jpg>
Package pdftex.def Info: images/guidingExtrusion.jpg used on input line 857.
(pdftex.def)             Requested size: 210.26215pt x 112.92273pt.

<images/outputMesh1.jpg, id=687, 362.10281pt x 375.65344pt>
File: images/outputMesh1.jpg Graphic file (type jpg)

<use images/outputMesh1.jpg>
Package pdftex.def Info: images/outputMesh1.jpg used on input line 876.
(pdftex.def)             Requested size: 90.52547pt x 93.91312pt.

<images/outputMesh2.jpg, id=688, 362.10281pt x 372.64218pt>
File: images/outputMesh2.jpg Graphic file (type jpg)

<use images/outputMesh2.jpg>
Package pdftex.def Info: images/outputMesh2.jpg used on input line 877.
(pdftex.def)             Requested size: 90.52547pt x 93.16031pt.

<images/outputMesh3.jpg, id=689, 362.10281pt x 375.65344pt>
File: images/outputMesh3.jpg Graphic file (type jpg)

<use images/outputMesh3.jpg>
Package pdftex.def Info: images/outputMesh3.jpg used on input line 878.
(pdftex.def)             Requested size: 90.52547pt x 93.91312pt.

<images/outputMesh4.jpg, id=690, 360.59718pt x 375.65344pt>
File: images/outputMesh4.jpg Graphic file (type jpg)

<use images/outputMesh4.jpg>
Package pdftex.def Info: images/outputMesh4.jpg used on input line 879.
(pdftex.def)             Requested size: 90.14906pt x 93.91312pt.

<images/outputMesh5.jpg, id=691, 363.60844pt x 377.91188pt>
File: images/outputMesh5.jpg Graphic file (type jpg)

<use images/outputMesh5.jpg>
Package pdftex.def Info: images/outputMesh5.jpg used on input line 880.
(pdftex.def)             Requested size: 90.90189pt x 94.47774pt.

<images/outputMesh6.jpg, id=692, 362.10281pt x 374.90062pt>
File: images/outputMesh6.jpg Graphic file (type jpg)

<use images/outputMesh6.jpg>
Package pdftex.def Info: images/outputMesh6.jpg used on input line 881.
(pdftex.def)             Requested size: 90.52547pt x 93.72491pt.

<images/outputMesh7.jpg, id=693, 362.85562pt x 374.90062pt>
File: images/outputMesh7.jpg Graphic file (type jpg)

<use images/outputMesh7.jpg>
Package pdftex.def Info: images/outputMesh7.jpg used on input line 882.
(pdftex.def)             Requested size: 90.71368pt x 93.72491pt.

<images/outputMesh8.jpg, id=694, 363.60844pt x 375.65344pt>
File: images/outputMesh8.jpg Graphic file (type jpg)

<use images/outputMesh8.jpg>
Package pdftex.def Info: images/outputMesh8.jpg used on input line 883.
(pdftex.def)             Requested size: 90.90189pt x 93.91312pt.

<images/outputMesh9.jpg, id=695, 360.59718pt x 375.65344pt>
File: images/outputMesh9.jpg Graphic file (type jpg)

<use images/outputMesh9.jpg>
Package pdftex.def Info: images/outputMesh9.jpg used on input line 884.
(pdftex.def)             Requested size: 90.14906pt x 93.91312pt.

<images/outputMesh10.jpg, id=696, 359.84438pt x 372.64218pt>
File: images/outputMesh10.jpg Graphic file (type jpg)

<use images/outputMesh10.jpg>
Package pdftex.def Info: images/outputMesh10.jpg used on input line 885.
(pdftex.def)             Requested size: 89.96086pt x 93.16031pt.

<images/outputMesh11.jpg, id=697, 361.35pt x 374.90062pt>
File: images/outputMesh11.jpg Graphic file (type jpg)

<use images/outputMesh11.jpg>
Package pdftex.def Info: images/outputMesh11.jpg used on input line 886.
(pdftex.def)             Requested size: 90.33728pt x 93.72491pt.

<images/outputMesh12.jpg, id=698, 362.10281pt x 377.15906pt>
File: images/outputMesh12.jpg Graphic file (type jpg)

<use images/outputMesh12.jpg>
Package pdftex.def Info: images/outputMesh12.jpg used on input line 887.
(pdftex.def)             Requested size: 90.52547pt x 94.28954pt.


LaTeX Warning: `!h' float specifier changed to `!ht'.

[27 <./images/guidingStrands.jpg> <./images/guidingExtrusion.jpg>] [28 <./image
s/outputMesh1.jpg> <./images/outputMesh2.jpg> <./images/outputMesh3.jpg> <./ima
ges/outputMesh4.jpg> <./images/outputMesh5.jpg> <./images/outputMesh6.jpg> <./i
mages/outputMesh7.jpg> <./images/outputMesh8.jpg> <./images/outputMesh9.jpg> <.
/images/outputMesh10.jpg> <./images/outputMesh11.jpg> <./images/outputMesh12.jp
g>]
Chapter 4.
<images/surveyMesh1.png, id=708, 97.3236pt x 48.78226pt>
File: images/surveyMesh1.png Graphic file (type png)

<use images/surveyMesh1.png>
Package pdftex.def Info: images/surveyMesh1.png used on input line 905.
(pdftex.def)             Requested size: 107.05626pt x 53.66063pt.

<images/surveyMesh2.png, id=709, 97.3236pt x 48.78226pt>
File: images/surveyMesh2.png Graphic file (type png)

<use images/surveyMesh2.png>
Package pdftex.def Info: images/surveyMesh2.png used on input line 906.
(pdftex.def)             Requested size: 107.05626pt x 53.66063pt.

<images/surveyMesh3.png, id=710, 97.3236pt x 48.78226pt>
File: images/surveyMesh3.png Graphic file (type png)

<use images/surveyMesh3.png>
Package pdftex.def Info: images/surveyMesh3.png used on input line 907.
(pdftex.def)             Requested size: 107.05626pt x 53.66063pt.

<images/surveyMesh4.png, id=711, 97.3236pt x 48.78226pt>
File: images/surveyMesh4.png Graphic file (type png)

<use images/surveyMesh4.png>
Package pdftex.def Info: images/surveyMesh4.png used on input line 908.
(pdftex.def)             Requested size: 107.05626pt x 53.66063pt.

<images/surveyMesh5.png, id=712, 97.3236pt x 48.78226pt>
File: images/surveyMesh5.png Graphic file (type png)

<use images/surveyMesh5.png>
Package pdftex.def Info: images/surveyMesh5.png used on input line 910.
(pdftex.def)             Requested size: 107.05626pt x 53.66063pt.

<images/surveyMesh6.png, id=713, 97.3236pt x 48.78226pt>
File: images/surveyMesh6.png Graphic file (type png)

<use images/surveyMesh6.png>
Package pdftex.def Info: images/surveyMesh6.png used on input line 911.
(pdftex.def)             Requested size: 107.05626pt x 53.66063pt.

<images/surveyMesh7.png, id=714, 97.3236pt x 48.78226pt>
File: images/surveyMesh7.png Graphic file (type png)

<use images/surveyMesh7.png>
Package pdftex.def Info: images/surveyMesh7.png used on input line 912.
(pdftex.def)             Requested size: 107.05626pt x 53.66063pt.

<images/surveyMesh8.png, id=715, 97.3236pt x 48.78226pt>
File: images/surveyMesh8.png Graphic file (type png)

<use images/surveyMesh8.png>
Package pdftex.def Info: images/surveyMesh8.png used on input line 913.
(pdftex.def)             Requested size: 107.05626pt x 53.66063pt.
 [29

 <./images/surveyMesh1.png> <./images/surveyMesh2.png> <./images/surveyMesh3.pn
g> <./images/surveyMesh4.png> <./images/surveyMesh5.png> <./images/surveyMesh6.
png> <./images/surveyMesh7.png> <./images/surveyMesh8.png>] <images/meshRating.
png, id=729, 602.25pt x 372.39125pt>
File: images/meshRating.png Graphic file (type png)

<use images/meshRating.png>
Package pdftex.def Info: images/meshRating.png used on input line 925.
(pdftex.def)             Requested size: 361.35278pt x 223.43646pt.
 [30 <./images/meshRating.png>]
<images/surveyDifficulty.png, id=735, 526.21594pt x 225.09094pt>
File: images/surveyDifficulty.png Graphic file (type png)

<use images/surveyDifficulty.png>
Package pdftex.def Info: images/surveyDifficulty.png used on input line 956.
(pdftex.def)             Requested size: 368.34865pt x 157.56258pt.

<images/surveyAutomate.png, id=738, 526.21594pt x 225.09094pt>
File: images/surveyAutomate.png Graphic file (type png)

<use images/surveyAutomate.png>
Package pdftex.def Info: images/surveyAutomate.png used on input line 968.
(pdftex.def)             Requested size: 368.34865pt x 157.56258pt.

<images/surveyPrototype.png, id=740, 526.21594pt x 225.09094pt>
File: images/surveyPrototype.png Graphic file (type png)

<use images/surveyPrototype.png>
Package pdftex.def Info: images/surveyPrototype.png used on input line 977.
(pdftex.def)             Requested size: 368.34865pt x 157.56258pt.


LaTeX Warning: `!h' float specifier changed to `!ht'.

[31 <./images/surveyDifficulty.png> <./images/surveyAutomate.png>]
File: images/surveyMesh2.png Graphic file (type png)

<use images/surveyMesh2.png>
Package pdftex.def Info: images/surveyMesh2.png used on input line 995.
(pdftex.def)             Requested size: 145.985pt x 73.17317pt.
File: images/surveyMesh8.png Graphic file (type png)
 <use images/surveyMesh8.png>
Package pdftex.def Info: images/surveyMesh8.png used on input line 999.
(pdftex.def)             Requested size: 145.985pt x 73.17317pt.
File: images/surveyMesh3.png Graphic file (type png)

<use images/surveyMesh3.png>
Package pdftex.def Info: images/surveyMesh3.png used on input line 1003.
(pdftex.def)             Requested size: 145.985pt x 73.17317pt.

Overfull \hbox (25.07614pt too wide) in paragraph at lines 1013--1033
 [][] 
 []


LaTeX Warning: `!h' float specifier changed to `!ht'.

<images/experiment/Andrei_ONE_REPLOT.png, id=749, 200.75pt x 200.75pt>
File: images/experiment/Andrei_ONE_REPLOT.png Graphic file (type png)

<use images/experiment/Andrei_ONE_REPLOT.png>
Package pdftex.def Info: images/experiment/Andrei_ONE_REPLOT.png used on input 
line 1044.
(pdftex.def)             Requested size: 100.37474pt x 100.37474pt.

<images/experiment/Andrei_TWO_REPLOT.png, id=750, 200.75pt x 200.75pt>
File: images/experiment/Andrei_TWO_REPLOT.png Graphic file (type png)

<use images/experiment/Andrei_TWO_REPLOT.png>
Package pdftex.def Info: images/experiment/Andrei_TWO_REPLOT.png used on input 
line 1045.
(pdftex.def)             Requested size: 100.37474pt x 100.37474pt.

<images/experiment/Andrei_THREE_REPLOT.png, id=751, 200.75pt x 200.75pt>
File: images/experiment/Andrei_THREE_REPLOT.png Graphic file (type png)

<use images/experiment/Andrei_THREE_REPLOT.png>
Package pdftex.def Info: images/experiment/Andrei_THREE_REPLOT.png used on inpu
t line 1046.
(pdftex.def)             Requested size: 100.37474pt x 100.37474pt.
 [32 <./images/surveyPrototype.png>] [33 <./images/experiment/Andrei_ONE_REPLOT
.png (PNG copy)> <./images/experiment/Andrei_TWO_REPLOT.png (PNG copy)> <./imag
es/experiment/Andrei_THREE_REPLOT.png (PNG copy)>]
<images/experiment/Maria_Marinova_ONE_REPLOT.png, id=767, 200.75pt x 200.75pt>
File: images/experiment/Maria_Marinova_ONE_REPLOT.png Graphic file (type png)

<use images/experiment/Maria_Marinova_ONE_REPLOT.png>
Package pdftex.def Info: images/experiment/Maria_Marinova_ONE_REPLOT.png used o
n input line 1082.
(pdftex.def)             Requested size: 100.37474pt x 100.37474pt.

<images/experiment/Maria_Marinova_TWO_REPLOT.png, id=768, 200.75pt x 200.75pt>
File: images/experiment/Maria_Marinova_TWO_REPLOT.png Graphic file (type png)

<use images/experiment/Maria_Marinova_TWO_REPLOT.png>
Package pdftex.def Info: images/experiment/Maria_Marinova_TWO_REPLOT.png used o
n input line 1083.
(pdftex.def)             Requested size: 100.37474pt x 100.37474pt.

<images/experiment/Maria_Marinova_THREE_REPLOT.png, id=769, 200.75pt x 200.75pt
>
File: images/experiment/Maria_Marinova_THREE_REPLOT.png Graphic file (type png)

 <use images/experiment/Maria_Marinova_THREE_REPLOT.png>
Package pdftex.def Info: images/experiment/Maria_Marinova_THREE_REPLOT.png used
 on input line 1084.
(pdftex.def)             Requested size: 100.37474pt x 100.37474pt.

<images/experiment/Nick_ONE_REPLOT.png, id=771, 200.75pt x 200.75pt>
File: images/experiment/Nick_ONE_REPLOT.png Graphic file (type png)

<use images/experiment/Nick_ONE_REPLOT.png>
Package pdftex.def Info: images/experiment/Nick_ONE_REPLOT.png used on input li
ne 1116.
(pdftex.def)             Requested size: 100.37474pt x 100.37474pt.

<images/experiment/Nick_TWO_REPLOT.png, id=772, 200.75pt x 200.75pt>
File: images/experiment/Nick_TWO_REPLOT.png Graphic file (type png)

<use images/experiment/Nick_TWO_REPLOT.png>
Package pdftex.def Info: images/experiment/Nick_TWO_REPLOT.png used on input li
ne 1117.
(pdftex.def)             Requested size: 100.37474pt x 100.37474pt.

<images/experiment/Nick_THREE_REPLOT.png, id=773, 200.75pt x 200.75pt>
File: images/experiment/Nick_THREE_REPLOT.png Graphic file (type png)

<use images/experiment/Nick_THREE_REPLOT.png>
Package pdftex.def Info: images/experiment/Nick_THREE_REPLOT.png used on input 
line 1118.
(pdftex.def)             Requested size: 100.37474pt x 100.37474pt.

Underfull \vbox (badness 10000) has occurred while \output is active []

 [34 <./images/experiment/Maria_Marinova_ONE_REPLOT.png (PNG copy)> <./images/e
xperiment/Maria_Marinova_TWO_REPLOT.png (PNG copy)> <./images/experiment/Maria_
Marinova_THREE_REPLOT.png (PNG copy)> <./images/experiment/Nick_ONE_REPLOT.png 
(PNG copy)> <./images/experiment/Nick_TWO_REPLOT.png (PNG copy)> <./images/expe
riment/Nick_THREE_REPLOT.png (PNG copy)>]
<images/baldHair.jpg, id=780, 361.35pt x 377.15906pt>
File: images/baldHair.jpg Graphic file (type jpg)

<use images/baldHair.jpg>
Package pdftex.def Info: images/baldHair.jpg used on input line 1145.
(pdftex.def)             Requested size: 144.53743pt x 150.86095pt.

<images/intersectHair.jpg, id=781, 361.35pt x 374.14781pt>
File: images/intersectHair.jpg Graphic file (type jpg)

<use images/intersectHair.jpg>
Package pdftex.def Info: images/intersectHair.jpg used on input line 1146.
(pdftex.def)             Requested size: 144.53743pt x 149.65646pt.
 [35 <./images/baldHair.jpg> <./images/intersectHair.jpg>]
Overfull \hbox (0.7428pt too wide) in paragraph at lines 1172--1192
 [][] 
 []


Underfull \vbox (badness 10000) has occurred while \output is active []

 [36]
Underfull \vbox (badness 1831) has occurred while \output is active []

 [37]
[38]
Chapter 5.

Underfull \vbox (badness 10000) has occurred while \output is active []

 [39

]
[40]
Underfull \vbox (badness 10000) has occurred while \output is active []

 [41]
[42] (dissertation.bbl
Missing character: There is no  in font cmr10!
Missing character: There is no  in font cmr10!
Missing character: There is no  in font cmr10!
Missing character: There is no  in font cmr10!
Missing character: There is no  in font cmr10!
Missing character: There is no  in font cmr10!
 [43


]) [44]
Appendix A.
[45

]
Package atveryend Info: Empty hook `BeforeClearDocument' on input line 1346.
Package atveryend Info: Empty hook `AfterLastShipout' on input line 1346.
 (dissertation.aux)
Package atveryend Info: Executing hook `AtVeryEndDocument' on input line 1346.
Package atveryend Info: Executing hook `AtEndAfterFileList' on input line 1346.

Package rerunfilecheck Info: File `dissertation.out' has not changed.
(rerunfilecheck)             Checksum: EFE3FA1A06737354E39323897110A00F;2165.
 )
(\end occurred inside a group at level 1)

### simple group (level 1) entered at line 1061 ({)
### bottom level 
Here is how much of TeX's memory you used:
 21685 strings out of 493333
 383028 string characters out of 3143102
 600471 words of memory out of 3000000
 24512 multiletter control sequences out of 15000+200000
 12043 words of font info for 44 fonts, out of 3000000 for 9000
 1141 hyphenation exceptions out of 8191
 61i,18n,56p,1422b,6756s stack positions out of 5000i,500n,10000p,200000b,50000s
<E:/Programs/MikTex/fonts/type1/public/amsfonts/cm/cmbsy10.pfb>
<E:/Programs/MikTex/fonts/type1/public/amsfonts/cmextra/cmbsy7.pfb><E:/Programs
/MikTex/fonts/type1/public/amsfonts/cm/cmbx10.pfb><E:/Programs/MikTex/fonts/typ
e1/public/amsfonts/cm/cmbx12.pfb><E:/Programs/MikTex/fonts/type1/public/amsfont
s/cm/cmbx7.pfb><E:/Programs/MikTex/fonts/type1/public/amsfonts/cm/cmbxti10.pfb>
<E:/Programs/MikTex/fonts/type1/public/amsfonts/cm/cmex10.pfb><E:/Programs/MikT
ex/fonts/type1/public/amsfonts/cm/cmmi10.pfb><E:/Programs/MikTex/fonts/type1/pu
blic/amsfonts/cm/cmmi5.pfb><E:/Programs/MikTex/fonts/type1/public/amsfonts/cm/c
mmi7.pfb><E:/Programs/MikTex/fonts/type1/public/amsfonts/cm/cmmib10.pfb><E:/Pro
grams/MikTex/fonts/type1/public/amsfonts/cmextra/cmmib7.pfb><E:/Programs/MikTex
/fonts/type1/public/amsfonts/cm/cmr10.pfb><E:/Programs/MikTex/fonts/type1/publi
c/amsfonts/cm/cmr12.pfb><E:/Programs/MikTex/fonts/type1/public/amsfonts/cm/cmr1
7.pfb><E:/Programs/MikTex/fonts/type1/public/amsfonts/cm/cmr5.pfb><E:/Programs/
MikTex/fonts/type1/public/amsfonts/cm/cmr7.pfb><E:/Programs/MikTex/fonts/type1/
public/amsfonts/cm/cmsl10.pfb><E:/Programs/MikTex/fonts/type1/public/amsfonts/c
m/cmsy10.pfb><E:/Programs/MikTex/fonts/type1/public/amsfonts/cm/cmsy7.pfb><E:/P
rograms/MikTex/fonts/type1/public/amsfonts/cm/cmti10.pfb><E:/Programs/MikTex/fo
nts/type1/public/amsfonts/cm/cmtt10.pfb><E:/Programs/MikTex/fonts/type1/public/
amsfonts/symbols/msbm10.pfb>
Output written on dissertation.pdf (67 pages, 4284660 bytes).
PDF statistics:
 987 PDF objects out of 1000 (max. 8388607)
 225 named destinations out of 1000 (max. 500000)
 558 words of extra memory for PDF output out of 10000 (max. 10000000)

